2026-07-14 15:01:43,193 - INFO - LangLearner application started
2026-07-14 15:02:03,939 - WARNING - Failed login: Arya
2026-07-14 15:04:58,021 - INFO - LangLearner application started
2026-07-14 15:05:28,447 - INFO - New user registered: Arya
2026-07-14 15:12:46,682 - INFO - LangLearner application started
2026-07-14 15:13:08,733 - INFO - New user registered: Arya
2026-07-14 15:13:18,539 - INFO - Login successful: Arya
2026-07-14 16:07:50,052 - INFO - LangLearner application started
2026-07-14 16:08:13,383 - INFO - Login successful: Arya
2026-07-14 16:11:38,356 - INFO - LangLearner application started
2026-07-14 16:14:36,939 - INFO - New user registered: JK
2026-07-14 16:14:49,504 - WARNING - Failed login: JK
2026-07-14 16:15:53,952 - INFO - Login successful: JK
2026-07-14 16:19:26,217 - INFO - Vocabulary added: Hola
2026-07-14 16:21:32,519 - INFO - LangLearner application started
2026-07-14 16:21:53,413 - INFO - Login successful: Arya
2026-07-14 16:26:32,982 - INFO - Arya completed Spanish (Easy) quiz.
2026-07-14 16:26:50,769 - INFO - Report generated for Arya
2026-07-14 16:35:16,282 - INFO - LangLearner application started
2026-07-14 16:35:24,415 - INFO - Login successful: Arya
2026-07-14 16:49:22,520 - INFO - LangLearner application started
2026-07-14 16:49:33,052 - INFO - Login successful: Arya
2026-07-14 16:52:55,107 - INFO - New user registered: dhruv12raj
2026-07-14 16:53:42,727 - INFO - Login successful: dhruv12raj
2026-07-14 16:55:05,327 - INFO - dhruv12raj completed Spanish (Beginner) quiz.
2026-07-14 16:55:12,249 - INFO - Report generated for dhruv12raj
2026-07-14 16:56:01,210 - INFO - Login successful: JK
2026-07-14 16:56:26,491 - INFO - Report generated for Arya
2026-07-14 16:56:34,178 - INFO - Report generated for dhruv12raj
2026-07-14 16:56:48,563 - INFO - User deleted: dhruv12raj
2026-07-14 16:58:53,527 - INFO - Application closed
